<?xml version="1.0" encoding="UTF-8"?>
<testng-results ignored="0" total="2" passed="2" failed="0" skipped="0">
  <reporter-output>
  </reporter-output>
  <suite started-at="2023-06-05T09:08:34 IST" name="Suite" finished-at="2023-06-05T09:08:50 IST" duration-ms="15404">
    <groups>
      <group name="Master">
        <method signature="Tc_01_Accountregistration.acc_registration()[pri:0, instance:testCases.Tc_01_Accountregistration@12468a38]" name="acc_registration" class="testCases.Tc_01_Accountregistration"/>
        <method signature="Tc_02_LoginTest.test_login()[pri:0, instance:testCases.Tc_02_LoginTest@6d763516]" name="test_login" class="testCases.Tc_02_LoginTest"/>
      </group> <!-- Master -->
      <group name="Sanity">
        <method signature="Tc_02_LoginTest.test_login()[pri:0, instance:testCases.Tc_02_LoginTest@6d763516]" name="test_login" class="testCases.Tc_02_LoginTest"/>
      </group> <!-- Sanity -->
      <group name="Regression">
        <method signature="Tc_01_Accountregistration.acc_registration()[pri:0, instance:testCases.Tc_01_Accountregistration@12468a38]" name="acc_registration" class="testCases.Tc_01_Accountregistration"/>
      </group> <!-- Regression -->
    </groups>
    <test started-at="2023-06-05T09:08:34 IST" name="Test" finished-at="2023-06-05T09:08:50 IST" duration-ms="15404">
      <class name="testCases.Tc_01_Accountregistration">
        <test-method is-config="true" signature="setup(java.lang.String)[pri:0, instance:testCases.Tc_01_Accountregistration@12468a38]" started-at="2023-06-05T09:08:34 IST" name="setup" finished-at="2023-06-05T09:08:39 IST" duration-ms="4511" status="PASS">
          <params>
            <param index="0">
              <value>
                <![CDATA[chrome]]>
              </value>
            </param>
          </params>
          <reporter-output>
          </reporter-output>
        </test-method> <!-- setup -->
        <test-method signature="acc_registration()[pri:0, instance:testCases.Tc_01_Accountregistration@12468a38]" started-at="2023-06-05T09:08:39 IST" name="acc_registration" finished-at="2023-06-05T09:08:44 IST" duration-ms="4857" status="PASS">
          <reporter-output>
          </reporter-output>
        </test-method> <!-- acc_registration -->
        <test-method is-config="true" signature="teardown()[pri:0, instance:testCases.Tc_01_Accountregistration@12468a38]" started-at="2023-06-05T09:08:44 IST" name="teardown" finished-at="2023-06-05T09:08:44 IST" duration-ms="308" status="PASS">
          <reporter-output>
          </reporter-output>
        </test-method> <!-- teardown -->
      </class> <!-- testCases.Tc_01_Accountregistration -->
      <class name="testCases.Tc_02_LoginTest">
        <test-method is-config="true" signature="setup(java.lang.String)[pri:0, instance:testCases.Tc_02_LoginTest@6d763516]" started-at="2023-06-05T09:08:44 IST" name="setup" finished-at="2023-06-05T09:08:47 IST" duration-ms="2571" status="PASS">
          <params>
            <param index="0">
              <value>
                <![CDATA[chrome]]>
              </value>
            </param>
          </params>
          <reporter-output>
          </reporter-output>
        </test-method> <!-- setup -->
        <test-method signature="test_login()[pri:0, instance:testCases.Tc_02_LoginTest@6d763516]" started-at="2023-06-05T09:08:47 IST" name="test_login" finished-at="2023-06-05T09:08:49 IST" duration-ms="2282" status="PASS">
          <reporter-output>
          </reporter-output>
        </test-method> <!-- test_login -->
        <test-method is-config="true" signature="teardown()[pri:0, instance:testCases.Tc_02_LoginTest@6d763516]" started-at="2023-06-05T09:08:49 IST" name="teardown" finished-at="2023-06-05T09:08:50 IST" duration-ms="557" status="PASS">
          <reporter-output>
          </reporter-output>
        </test-method> <!-- teardown -->
      </class> <!-- testCases.Tc_02_LoginTest -->
    </test> <!-- Test -->
  </suite> <!-- Suite -->
</testng-results>
